Fetching registry information from https://github.com/microsoft/vcpkg (HEAD)...
Detecting compiler hash for triplet x64-windows...
Compiler found: C:/Program Files/Microsoft Visual Studio/2022/Community/VC/Tools/MSVC/14.43.34808/bin/Hostx64/x64/cl.exe
The following packages will be built and installed:
  * egl-registry:x64-windows@2024-01-25 -- C:\Users\Nick\AppData\Local\vcpkg\registries\git-trees\d883db43133dd223c4ffdbef4193943f6784d43a
    glew:x64-windows@2.2.0#6 -- C:\Users\Nick\AppData\Local\vcpkg\registries\git-trees\98d4ecc965968cdc8c85c0347c4638bbda36bef4
    glfw3:x64-windows@3.4#1 -- C:\Users\Nick\AppData\Local\vcpkg\registries\git-trees\d4bbd4f27c2ca619f57778985120cddcedadb1cc
  * opengl:x64-windows@2022-12-04#3 -- C:\Users\Nick\AppData\Local\vcpkg\registries\git-trees\c3ae71738f88449ebcd781cef60d9a253fa091d4
  * opengl-registry:x64-windows@2024-02-10#1 -- C:\Users\Nick\AppData\Local\vcpkg\registries\git-trees\22f7aa58ee78c9f0db904b6251e9265f2be26f9d
  * vcpkg-cmake:x64-windows@2024-04-23 -- C:\Users\Nick\AppData\Local\vcpkg\registries\git-trees\e74aa1e8f93278a8e71372f1fa08c3df420eb840
  * vcpkg-cmake-config:x64-windows@2024-05-23 -- C:\Users\Nick\AppData\Local\vcpkg\registries\git-trees\97a63e4bc1a17422ffe4eff71da53b4b561a7841
Additional packages (*) will be modified to complete this operation.
Restored 7 package(s) from C:\Users\Nick\AppData\Local\vcpkg\archives in 128 ms. Use --debug to see more details.
Installing 1/7 vcpkg-cmake-config:x64-windows@2024-05-23...
Elapsed time to handle vcpkg-cmake-config:x64-windows: 5.82 ms
vcpkg-cmake-config:x64-windows package ABI: e2a24632940aa73bbe918a1723204d7e49a88bcf1036aa9e9b3ac6d6df4a1051
Installing 2/7 vcpkg-cmake:x64-windows@2024-04-23...
Elapsed time to handle vcpkg-cmake:x64-windows: 15.1 ms
vcpkg-cmake:x64-windows package ABI: 1b795a3935993d69fb6c1913490a92dc9b5dcf4c6f94480e7fe4e8af6a9e2448
Installing 3/7 egl-registry:x64-windows@2024-01-25...
Elapsed time to handle egl-registry:x64-windows: 8.43 ms
egl-registry:x64-windows package ABI: d5d5b9d7e2022af2368f0a8046ee5d4efe8927dd69292d9217ee0914c12260e2
Installing 4/7 opengl-registry:x64-windows@2024-02-10#1...
Elapsed time to handle opengl-registry:x64-windows: 19.8 ms
opengl-registry:x64-windows package ABI: ecb6551c268b8fbd2212a4e932fe7a93546a2941153c302e7261c7baeade0ff4
Installing 5/7 opengl:x64-windows@2022-12-04#3...
Elapsed time to handle opengl:x64-windows: 10.9 ms
opengl:x64-windows package ABI: 0394754cfdc8cb1f078efdb9c4701690d8812352ad1aa316ba5e7aea93a511db
Installing 6/7 glew:x64-windows@2.2.0#6...
Elapsed time to handle glew:x64-windows: 14.7 ms
glew:x64-windows package ABI: 552c7e9dfb78d01e320bb898aae0ba41774229848b5414557e31ce035c85a279
Installing 7/7 glfw3:x64-windows@3.4#1...
Elapsed time to handle glfw3:x64-windows: 11.1 ms
glfw3:x64-windows package ABI: 54e9ef200ab811cca0551795e870c92801b0fe8c89767524e53e276086b053fa
Total install time: 90.3 ms
The package glew is compatible with built-in CMake targets:

    find_package(GLEW REQUIRED)
    target_link_libraries(main PRIVATE GLEW::GLEW)

glfw3 provides CMake targets:

  # this is heuristically generated, and may not be correct
  find_package(glfw3 CONFIG REQUIRED)
  target_link_libraries(main PRIVATE glfw)

glfw3 provides pkg-config modules:

  # A multi-platform library for OpenGL, window and input
  glfw3

